c:\myfile\универ\3сем\курсач\pna-2022(2)\pna-2022(2)\pna-2022(2)\debug\vc143.pdb
c:\myfile\универ\3сем\курсач\pna-2022(2)\pna-2022(2)\pna-2022(2)\debug\vc143.idb
c:\myfile\универ\3сем\курсач\pna-2022(2)\pna-2022(2)\pna-2022(2)\debug\semanticanaliz.obj
c:\myfile\универ\3сем\курсач\pna-2022(2)\pna-2022(2)\pna-2022(2)\debug\polishnotation.obj
c:\myfile\универ\3сем\курсач\pna-2022(2)\pna-2022(2)\pna-2022(2)\debug\pna-2022.obj
c:\myfile\универ\3сем\курсач\pna-2022(2)\pna-2022(2)\pna-2022(2)\debug\parm.obj
c:\myfile\универ\3сем\курсач\pna-2022(2)\pna-2022(2)\pna-2022(2)\debug\out.obj
c:\myfile\универ\3сем\курсач\pna-2022(2)\pna-2022(2)\pna-2022(2)\debug\mfst.obj
c:\myfile\универ\3сем\курсач\pna-2022(2)\pna-2022(2)\pna-2022(2)\debug\lt.obj
c:\myfile\универ\3сем\курсач\pna-2022(2)\pna-2022(2)\pna-2022(2)\debug\log.obj
c:\myfile\универ\3сем\курсач\pna-2022(2)\pna-2022(2)\pna-2022(2)\debug\lexanalysis.obj
c:\myfile\универ\3сем\курсач\pna-2022(2)\pna-2022(2)\pna-2022(2)\debug\it.obj
c:\myfile\универ\3сем\курсач\pna-2022(2)\pna-2022(2)\pna-2022(2)\debug\in.obj
c:\myfile\универ\3сем\курсач\pna-2022(2)\pna-2022(2)\pna-2022(2)\debug\grb.obj
c:\myfile\универ\3сем\курсач\pna-2022(2)\pna-2022(2)\pna-2022(2)\debug\generation.obj
c:\myfile\универ\3сем\курсач\pna-2022(2)\pna-2022(2)\pna-2022(2)\debug\fst.obj
c:\myfile\универ\3сем\курсач\pna-2022(2)\pna-2022(2)\pna-2022(2)\debug\error.obj
c:\myfile\универ\3сем\курсач\pna-2022(2)\pna-2022(2)\pna-2022(2)\debug\pna-2022(2).ilk
c:\myfile\универ\3сем\курсач\pna-2022(2)\pna-2022(2)\debug\pna-2022(2).exe
c:\myfile\универ\3сем\курсач\pna-2022(2)\pna-2022(2)\debug\pna-2022(2).pdb
c:\myfile\универ\3сем\курсач\pna-2022(2)\pna-2022(2)\pna-2022(2)\debug\pna-2022(2).tlog\cl.command.1.tlog
c:\myfile\универ\3сем\курсач\pna-2022(2)\pna-2022(2)\pna-2022(2)\debug\pna-2022(2).tlog\cl.read.1.tlog
c:\myfile\универ\3сем\курсач\pna-2022(2)\pna-2022(2)\pna-2022(2)\debug\pna-2022(2).tlog\cl.write.1.tlog
c:\myfile\универ\3сем\курсач\pna-2022(2)\pna-2022(2)\pna-2022(2)\debug\pna-2022(2).tlog\link.command.1.tlog
c:\myfile\универ\3сем\курсач\pna-2022(2)\pna-2022(2)\pna-2022(2)\debug\pna-2022(2).tlog\link.read.1.tlog
c:\myfile\универ\3сем\курсач\pna-2022(2)\pna-2022(2)\pna-2022(2)\debug\pna-2022(2).tlog\link.write.1.tlog
