  Error.cpp
C:\MyFile\Универ\3сем\КПО\LW 16\SE_Lab15\SE_Lab15\Log.h(17,24): error C2653: In: не является именем класса или пространства имен
C:\MyFile\Универ\3сем\КПО\LW 16\SE_Lab15\SE_Lab15\Log.h(17,28): error C2061: синтаксическая ошибка: идентификатор "IN"
  In.cpp
C:\MyFile\Универ\3сем\КПО\LW 16\SE_Lab15\SE_Lab15\Log.h(17,24): error C2653: In: не является именем класса или пространства имен
C:\MyFile\Универ\3сем\КПО\LW 16\SE_Lab15\SE_Lab15\Log.h(17,28): error C2061: синтаксическая ошибка: идентификатор "IN"
C:\MyFile\Универ\3сем\КПО\LW 16\SE_Lab15\SE_Lab15\In.cpp(68,25): warning C4018: <: несоответствие типов со знаком и без знака
  Log.cpp
C:\MyFile\Универ\3сем\КПО\LW 16\SE_Lab15\SE_Lab15\Log.h(17,24): error C2653: In: не является именем класса или пространства имен
C:\MyFile\Универ\3сем\КПО\LW 16\SE_Lab15\SE_Lab15\Log.h(17,28): error C2061: синтаксическая ошибка: идентификатор "IN"
  Out.cpp
C:\MyFile\Универ\3сем\КПО\LW 16\SE_Lab15\SE_Lab15\Log.h(17,24): error C2653: In: не является именем класса или пространства имен
C:\MyFile\Универ\3сем\КПО\LW 16\SE_Lab15\SE_Lab15\Log.h(17,28): error C2061: синтаксическая ошибка: идентификатор "IN"
  Parm.cpp
C:\MyFile\Универ\3сем\КПО\LW 16\SE_Lab15\SE_Lab15\Log.h(17,24): error C2653: In: не является именем класса или пространства имен
C:\MyFile\Универ\3сем\КПО\LW 16\SE_Lab15\SE_Lab15\Log.h(17,28): error C2061: синтаксическая ошибка: идентификатор "IN"
  PNA.cpp
C:\MyFile\Универ\3сем\КПО\LW 16\SE_Lab15\SE_Lab15\Log.h(17,24): error C2653: In: не является именем класса или пространства имен
C:\MyFile\Универ\3сем\КПО\LW 16\SE_Lab15\SE_Lab15\Log.h(17,28): error C2061: синтаксическая ошибка: идентификатор "IN"
C:\MyFile\Универ\3сем\КПО\LW 16\SE_Lab15\SE_Lab15\PNA.cpp(56,23): error C2660: Log::WriteIn: функция не принимает 2 аргументов
C:\MyFile\Универ\3сем\КПО\LW 16\SE_Lab15\SE_Lab15\Log.h(17,7): message : см. объявление "Log::WriteIn"
  FST.cpp
C:\MyFile\Универ\3сем\КПО\№ 20 Разработка лексического распознавателя (III этап)\№ 20 Разработка лексического распознавателя (III этап)\FST.h(10,11): error C2065: NULL: необъявленный идентификатор
C:\MyFile\Универ\3сем\КПО\№ 20 Разработка лексического распознавателя (III этап)\№ 20 Разработка лексического распознавателя (III этап)\FST.cpp(13,24): error C2065: NULL: необъявленный идентификатор
C:\MyFile\Универ\3сем\КПО\№ 20 Разработка лексического распознавателя (III этап)\№ 20 Разработка лексического распознавателя (III этап)\FST.cpp(32,3): error C3861: memset: идентификатор не найден
C:\MyFile\Универ\3сем\КПО\№ 20 Разработка лексического распознавателя (III этап)\№ 20 Разработка лексического распознавателя (III этап)\FST.cpp(40,8): error C2039: "swap": не является членом "std".
C:\MyFile\Универ\3сем\КПО\№ 20 Разработка лексического распознавателя (III этап)\№ 20 Разработка лексического распознавателя (III этап)\predefined C++ types (compiler internal)(341): message : см. объявление "std"
C:\MyFile\Универ\3сем\КПО\№ 20 Разработка лексического распознавателя (III этап)\№ 20 Разработка лексического распознавателя (III этап)\FST.cpp(40,12): error C3861: swap: идентификатор не найден
C:\MyFile\Универ\3сем\КПО\№ 20 Разработка лексического распознавателя (III этап)\№ 20 Разработка лексического распознавателя (III этап)\FST.cpp(59,3): error C3861: memset: идентификатор не найден
C:\MyFile\Универ\3сем\КПО\№ 20 Разработка лексического распознавателя (III этап)\№ 20 Разработка лексического распознавателя (III этап)\FST.cpp(60,19): error C3861: strlen: идентификатор не найден
