Сборка начата 23.03.2022 14:46:47.
Уровень детализации журнала: Normal.     1>Проект "C:\Users\Frein\Desktop\work\2 сем\АиСД\Лаба 3\АиСД_Лр3\АиСД_Лр3\АиСД_Лр3.vcxproj" в узле 2 (целевые объекты Build).
     1>InitializeBuildStatus:
         Создание "Debug\АиСД_Лр3.tlog\unsuccessfulbuild", так как было задано "AlwaysCreate".
       ClCompile:
         C:\Program Files (x86)\Microsoft Visual Studio\2019\Community\VC\Tools\MSVC\14.29.30133\bin\HostX86\x86\CL.exe /c /ZI /JMC /nologo /W3 /WX- /diagnostics:column /sdl /Od /Oy- /D WIN32 /D _DEBUG /D _CONSOLE /D _UNICODE /D UNICODE /Gm- /EHsc /RTC1 /MDd /GS /fp:precise /permissive- /Zc:wchar_t /Zc:forScope /Zc:inline /Fo"Debug\\" /Fd"Debug\vc142.pdb" /external:W3 /Gd /TP /analyze- /FC /errorReport:prompt Source.cpp
         Source.cpp
     1>C:\Users\Frein\Desktop\work\2 сем\АиСД\Лаба 3\АиСД_Лр3\АиСД_Лр3\Source.cpp(25,12): warning C4244: аргумент: преобразование "time_t" в "unsigned int", возможна потеря данных
     1>C:\Users\Frein\Desktop\work\2 сем\АиСД\Лаба 3\АиСД_Лр3\АиСД_Лр3\Source.cpp(10,6): warning C4101: t: неиспользованная локальная переменная
       Link:
         C:\Program Files (x86)\Microsoft Visual Studio\2019\Community\VC\Tools\MSVC\14.29.30133\bin\HostX86\x86\link.exe /ERRORREPORT:PROMPT /OUT:"C:\Users\Frein\Desktop\work\2 сем\АиСД\Лаба 3\АиСД_Лр3\Debug\АиСД_Лр3.exe" /INCREMENTAL /ILK:"Debug\АиСД_Лр3.ilk" /NOLOGO kernel32.lib user32.lib gdi32.lib winspool.lib comdlg32.lib advapi32.lib shell32.lib ole32.lib oleaut32.lib uuid.lib odbc32.lib odbccp32.lib /MANIFEST /MANIFESTUAC:"level='asInvoker' uiAccess='false'" /manifest:embed /DEBUG /PDB:"C:\Users\Frein\Desktop\work\2 сем\АиСД\Лаба 3\АиСД_Лр3\Debug\АиСД_Лр3.pdb" /SUBSYSTEM:CONSOLE /TLBID:1 /DYNAMICBASE /NXCOMPAT /IMPLIB:"C:\Users\Frein\Desktop\work\2 сем\АиСД\Лаба 3\АиСД_Лр3\Debug\АиСД_Лр3.lib" /MACHINE:X86 Debug\Source.obj
         АиСД_Лр3.vcxproj -> C:\Users\Frein\Desktop\work\2 сем\АиСД\Лаба 3\АиСД_Лр3\Debug\АиСД_Лр3.exe
       FinalizeBuildStatus:
         Файл "Debug\АиСД_Лр3.tlog\unsuccessfulbuild" удаляется.
         Обращение к "Debug\АиСД_Лр3.tlog\АиСД_Лр3.lastbuildstate".
     1>Сборка проекта "C:\Users\Frein\Desktop\work\2 сем\АиСД\Лаба 3\АиСД_Лр3\АиСД_Лр3\АиСД_Лр3.vcxproj" завершена (целевые объекты Build).

Сборка успешно завершена.

       "C:\Users\Frein\Desktop\work\2 сем\АиСД\Лаба 3\АиСД_Лр3\АиСД_Лр3\АиСД_Лр3.vcxproj" (целевой объект Build ) (1) ->
       (Целевой объект ClCompile) -> 
         C:\Users\Frein\Desktop\work\2 сем\АиСД\Лаба 3\АиСД_Лр3\АиСД_Лр3\Source.cpp(25,12): warning C4244: аргумент: преобразование "time_t" в "unsigned int", возможна потеря данных
         C:\Users\Frein\Desktop\work\2 сем\АиСД\Лаба 3\АиСД_Лр3\АиСД_Лр3\Source.cpp(10,6): warning C4101: t: неиспользованная локальная переменная

    Предупреждений: 2
    Ошибок: 0

Прошло времени 00:00:02.65
