Сборка начата 11.03.2022 14:20:21.
Уровень детализации журнала: Normal.     1>Проект "C:\Users\Frein\Desktop\work\2 сем\АиСД\Лаба 1\Лабораторная работа № 1. Числа Фибоначчи\Лабораторная работа № 1. Числа Фибоначчи\Лабораторная работа № 1. Числа Фибоначчи.vcxproj" в узле 2 (целевые объекты Build).
     1>InitializeBuildStatus:
         Создание "Debug\Лаборато.f98340e3.tlog\unsuccessfulbuild", так как было задано "AlwaysCreate".
       ClCompile:
         C:\Program Files (x86)\Microsoft Visual Studio\2019\Community\VC\Tools\MSVC\14.29.30133\bin\HostX86\x86\CL.exe /c /ZI /JMC /nologo /W3 /WX- /diagnostics:column /sdl /Od /Oy- /D WIN32 /D _DEBUG /D _CONSOLE /D _UNICODE /D UNICODE /Gm- /EHsc /RTC1 /MDd /GS /fp:precise /permissive- /Zc:wchar_t /Zc:forScope /Zc:inline /Fo"Debug\\" /Fd"Debug\vc142.pdb" /external:W3 /Gd /TP /analyze- /FC /errorReport:prompt Source.cpp
         Source.cpp
     1>C:\Users\Frein\Desktop\work\2 сем\АиСД\Лаба 1\Лабораторная работа № 1. Числа Фибоначчи\Лабораторная работа № 1. Числа Фибоначчи\Source.cpp(35,48): warning C4244: аргумент: преобразование "double" в "int", возможна потеря данных
     1>C:\Users\Frein\Desktop\work\2 сем\АиСД\Лаба 1\Лабораторная работа № 1. Числа Фибоначчи\Лабораторная работа № 1. Числа Фибоначчи\Source.cpp(38,44): warning C4244: аргумент: преобразование "double" в "int", возможна потеря данных
       Link:
         C:\Program Files (x86)\Microsoft Visual Studio\2019\Community\VC\Tools\MSVC\14.29.30133\bin\HostX86\x86\link.exe /ERRORREPORT:PROMPT /OUT:"C:\Users\Frein\Desktop\work\2 сем\АиСД\Лаба 1\Лабораторная работа № 1. Числа Фибоначчи\Debug\Лабораторная работа № 1. Числа Фибоначчи.exe" /INCREMENTAL /ILK:"Debug\Лабораторная работа № 1. Числа Фибоначчи.ilk" /NOLOGO kernel32.lib user32.lib gdi32.lib winspool.lib comdlg32.lib advapi32.lib shell32.lib ole32.lib oleaut32.lib uuid.lib odbc32.lib odbccp32.lib /MANIFEST /MANIFESTUAC:"level='asInvoker' uiAccess='false'" /manifest:embed /DEBUG /PDB:"C:\Users\Frein\Desktop\work\2 сем\АиСД\Лаба 1\Лабораторная работа № 1. Числа Фибоначчи\Debug\Лабораторная работа № 1. Числа Фибоначчи.pdb" /SUBSYSTEM:CONSOLE /TLBID:1 /DYNAMICBASE /NXCOMPAT /IMPLIB:"C:\Users\Frein\Desktop\work\2 сем\АиСД\Лаба 1\Лабораторная работа № 1. Числа Фибоначчи\Debug\Лабораторная работа № 1. Числа Фибоначчи.lib" /MACHINE:X86 Debug\Source.obj
         Лабораторная работа № 1. Числа Фибоначчи.vcxproj -> C:\Users\Frein\Desktop\work\2 сем\АиСД\Лаба 1\Лабораторная работа № 1. Числа Фибоначчи\Debug\Лабораторная работа № 1. Числа Фибоначчи.exe
       FinalizeBuildStatus:
         Файл "Debug\Лаборато.f98340e3.tlog\unsuccessfulbuild" удаляется.
         Обращение к "Debug\Лаборато.f98340e3.tlog\Лабораторная работа № 1. Числа Фибоначчи.lastbuildstate".
     1>Сборка проекта "C:\Users\Frein\Desktop\work\2 сем\АиСД\Лаба 1\Лабораторная работа № 1. Числа Фибоначчи\Лабораторная работа № 1. Числа Фибоначчи\Лабораторная работа № 1. Числа Фибоначчи.vcxproj" завершена (целевые объекты Build).

Сборка успешно завершена.

       "C:\Users\Frein\Desktop\work\2 сем\АиСД\Лаба 1\Лабораторная работа № 1. Числа Фибоначчи\Лабораторная работа № 1. Числа Фибоначчи\Лабораторная работа № 1. Числа Фибоначчи.vcxproj" (целевой объект Build ) (1) ->
       (Целевой объект ClCompile) -> 
         C:\Users\Frein\Desktop\work\2 сем\АиСД\Лаба 1\Лабораторная работа № 1. Числа Фибоначчи\Лабораторная работа № 1. Числа Фибоначчи\Source.cpp(35,48): warning C4244: аргумент: преобразование "double" в "int", возможна потеря данных
         C:\Users\Frein\Desktop\work\2 сем\АиСД\Лаба 1\Лабораторная работа № 1. Числа Фибоначчи\Лабораторная работа № 1. Числа Фибоначчи\Source.cpp(38,44): warning C4244: аргумент: преобразование "double" в "int", возможна потеря данных

    Предупреждений: 2
    Ошибок: 0

Прошло времени 00:00:01.59
