Сборка начата 18.05.2022 15:04:41.
Уровень детализации журнала: Normal.     1>Проект "C:\Users\Frein\Desktop\work\2сем\АиСД\Лаба 6\АИСД6\АИСД6\АИСД6.vcxproj" в узле 2 (целевые объекты Build).
     1>C:\Program Files (x86)\Microsoft Visual Studio\2019\Community\MSBuild\Microsoft\VC\v160\Microsoft.CppBuild.targets(513,5): warning MSB8028: промежуточный каталог (Debug\) содержит файлы, которые используются совместно с другим проектом (Лр 15 Хеш-таблицы c цепочками.vcxproj).  Это может привести к ошибкам очистки и перестроения.
     1>InitializeBuildStatus:
         Создание "Debug\АИСД6.tlog\unsuccessfulbuild", так как было задано "AlwaysCreate".
       ClCompile:
         C:\Program Files (x86)\Microsoft Visual Studio\2019\Community\VC\Tools\MSVC\14.29.30133\bin\HostX86\x86\CL.exe /c /ZI /JMC /nologo /W3 /WX- /diagnostics:column /sdl /Od /Oy- /D WIN32 /D _DEBUG /D _CONSOLE /D _UNICODE /D UNICODE /Gm- /EHsc /RTC1 /MDd /GS /fp:precise /permissive- /Zc:wchar_t /Zc:forScope /Zc:inline /Fo"Debug\\" /Fd"Debug\vc142.pdb" /external:W3 /Gd /TP /analyze- /FC /errorReport:prompt "Lab 15 v12.cpp"
         Lab 15 v12.cpp
     1>C:\Users\Frein\Desktop\work\2сем\АиСД\Лаба 6\АИСД6\АИСД6\Lab 15 v12.cpp(30,17): warning C4244: return: преобразование "double" в "int", возможна потеря данных
       Link:
         C:\Program Files (x86)\Microsoft Visual Studio\2019\Community\VC\Tools\MSVC\14.29.30133\bin\HostX86\x86\link.exe /ERRORREPORT:PROMPT /OUT:"C:\Users\Frein\Desktop\work\2сем\АиСД\Лаба 6\АИСД6\Debug\АИСД6.exe" /INCREMENTAL /ILK:"Debug\АИСД6.ilk" /NOLOGO kernel32.lib user32.lib gdi32.lib winspool.lib comdlg32.lib advapi32.lib shell32.lib ole32.lib oleaut32.lib uuid.lib odbc32.lib odbccp32.lib /MANIFEST /MANIFESTUAC:"level='asInvoker' uiAccess='false'" /manifest:embed /DEBUG /PDB:"C:\Users\Frein\Desktop\work\2сем\АиСД\Лаба 6\АИСД6\Debug\АИСД6.pdb" /SUBSYSTEM:CONSOLE /TLBID:1 /DYNAMICBASE /NXCOMPAT /IMPLIB:"C:\Users\Frein\Desktop\work\2сем\АиСД\Лаба 6\АИСД6\Debug\АИСД6.lib" /MACHINE:X86 Debug\Hash_Table.obj
         "Debug\Lab 15 v12.obj"
         Debug\Lists.cpp.obj
         АИСД6.vcxproj -> C:\Users\Frein\Desktop\work\2сем\АиСД\Лаба 6\АИСД6\Debug\АИСД6.exe
       FinalizeBuildStatus:
         Файл "Debug\АИСД6.tlog\unsuccessfulbuild" удаляется.
         Обращение к "Debug\АИСД6.tlog\АИСД6.lastbuildstate".
     1>Сборка проекта "C:\Users\Frein\Desktop\work\2сем\АиСД\Лаба 6\АИСД6\АИСД6\АИСД6.vcxproj" завершена (целевые объекты Build).

Сборка успешно завершена.

       "C:\Users\Frein\Desktop\work\2сем\АиСД\Лаба 6\АИСД6\АИСД6\АИСД6.vcxproj" (целевой объект Build ) (1) ->
       (Целевой объект PrepareForBuild) -> 
         C:\Program Files (x86)\Microsoft Visual Studio\2019\Community\MSBuild\Microsoft\VC\v160\Microsoft.CppBuild.targets(513,5): warning MSB8028: промежуточный каталог (Debug\) содержит файлы, которые используются совместно с другим проектом (Лр 15 Хеш-таблицы c цепочками.vcxproj).  Это может привести к ошибкам очистки и перестроения.


       "C:\Users\Frein\Desktop\work\2сем\АиСД\Лаба 6\АИСД6\АИСД6\АИСД6.vcxproj" (целевой объект Build ) (1) ->
       (Целевой объект ClCompile) -> 
         C:\Users\Frein\Desktop\work\2сем\АиСД\Лаба 6\АИСД6\АИСД6\Lab 15 v12.cpp(30,17): warning C4244: return: преобразование "double" в "int", возможна потеря данных

    Предупреждений: 2
    Ошибок: 0

Прошло времени 00:00:02.19
