Сборка начата 14.05.2022 09:09:20.
Уровень детализации журнала: Normal.     1>Проект "C:\Users\Frein\Desktop\work\2сем\ОАИП\Лр 15 Хеш-таблицы c цепочками\Лр 15 Хеш-таблицы c цепочками\Лр 15 Хеш-таблицы c цепочками.vcxproj" в узле 2 (целевые объекты Build).
     1>PrepareForBuild:
         Создание каталога "C:\Users\Frein\Desktop\work\2сем\ОАИП\Лр 15 Хеш-таблицы c цепочками\Debug\".
         Создание каталога "Debug\Лр 15 Хе.247e9b38.tlog\".
       InitializeBuildStatus:
         Создание "Debug\Лр 15 Хе.247e9b38.tlog\unsuccessfulbuild", так как было задано "AlwaysCreate".
       ClCompile:
         C:\Program Files (x86)\Microsoft Visual Studio\2019\Community\VC\Tools\MSVC\14.29.30133\bin\HostX86\x86\CL.exe /c /ZI /JMC /nologo /W3 /WX- /diagnostics:column /sdl /Od /Oy- /D WIN32 /D _DEBUG /D _CONSOLE /D _UNICODE /D UNICODE /Gm- /EHsc /RTC1 /MDd /GS /fp:precise /permissive- /Zc:wchar_t /Zc:forScope /Zc:inline /Fo"Debug\\" /Fd"Debug\vc142.pdb" /external:W3 /Gd /TP /analyze- /FC /errorReport:prompt Hash_Table.cpp Hash_Twin_Chain.h "Lab 15 v12.cpp" Lists.cpp.cpp
         Hash_Table.cpp
         Hash_Twin_Chain.h
         Lab 15 v12.cpp
     1>C:\Users\Frein\Desktop\work\2сем\ОАИП\Лр 15 Хеш-таблицы c цепочками\Лр 15 Хеш-таблицы c цепочками\Lab 15 v12.cpp(27,17): warning C4244: return: преобразование "double" в "int", возможна потеря данных
         Lists.cpp.cpp
     1>C:\Users\Frein\Desktop\work\2сем\ОАИП\Лр 15 Хеш-таблицы c цепочками\Лр 15 Хеш-таблицы c цепочками\Lists.cpp.cpp(41,16): warning C4566: символ, представленный универсальным именем символа "\u00DD", невозможно представить в текущей кодовой странице (1251)
     1>C:\Users\Frein\Desktop\work\2сем\ОАИП\Лр 15 Хеш-таблицы c цепочками\Лр 15 Хеш-таблицы c цепочками\Lists.cpp.cpp(41,16): warning C4566: символ, представленный универсальным именем символа "\u00EB", невозможно представить в текущей кодовой странице (1251)
     1>C:\Users\Frein\Desktop\work\2сем\ОАИП\Лр 15 Хеш-таблицы c цепочками\Лр 15 Хеш-таблицы c цепочками\Lists.cpp.cpp(41,16): warning C4566: символ, представленный универсальным именем символа "\u00E5", невозможно представить в текущей кодовой странице (1251)
     1>C:\Users\Frein\Desktop\work\2сем\ОАИП\Лр 15 Хеш-таблицы c цепочками\Лр 15 Хеш-таблицы c цепочками\Lists.cpp.cpp(41,16): warning C4566: символ, представленный универсальным именем символа "\u00EC", невозможно представить в текущей кодовой странице (1251)
     1>C:\Users\Frein\Desktop\work\2сем\ОАИП\Лр 15 Хеш-таблицы c цепочками\Лр 15 Хеш-таблицы c цепочками\Lists.cpp.cpp(41,16): warning C4566: символ, представленный универсальным именем символа "\u00ED", невозможно представить в текущей кодовой странице (1251)
     1>C:\Users\Frein\Desktop\work\2сем\ОАИП\Лр 15 Хеш-таблицы c цепочками\Лр 15 Хеш-таблицы c цепочками\Lists.cpp.cpp(41,16): warning C4566: символ, представленный универсальным именем символа "\u00F2", невозможно представить в текущей кодовой странице (1251)
     1>C:\Users\Frein\Desktop\work\2сем\ОАИП\Лр 15 Хеш-таблицы c цепочками\Лр 15 Хеш-таблицы c цепочками\Lists.cpp.cpp(41,16): warning C4566: символ, представленный универсальным именем символа "\u00F3", невозможно представить в текущей кодовой странице (1251)
     1>C:\Users\Frein\Desktop\work\2сем\ОАИП\Лр 15 Хеш-таблицы c цепочками\Лр 15 Хеш-таблицы c цепочками\Lists.cpp.cpp(41,16): warning C4566: символ, представленный универсальным именем символа "\u00E4", невозможно представить в текущей кодовой странице (1251)
     1>C:\Users\Frein\Desktop\work\2сем\ОАИП\Лр 15 Хеш-таблицы c цепочками\Лр 15 Хеш-таблицы c цепочками\Lists.cpp.cpp(41,16): warning C4566: символ, представленный универсальным именем символа "\u00E0", невозможно представить в текущей кодовой странице (1251)
         Создание кода...
       Link:
         C:\Program Files (x86)\Microsoft Visual Studio\2019\Community\VC\Tools\MSVC\14.29.30133\bin\HostX86\x86\link.exe /ERRORREPORT:PROMPT /OUT:"C:\Users\Frein\Desktop\work\2сем\ОАИП\Лр 15 Хеш-таблицы c цепочками\Debug\Лр 15 Хеш-таблицы c цепочками.exe" /INCREMENTAL /ILK:"Debug\Лр 15 Хеш-таблицы c цепочками.ilk" /NOLOGO kernel32.lib user32.lib gdi32.lib winspool.lib comdlg32.lib advapi32.lib shell32.lib ole32.lib oleaut32.lib uuid.lib odbc32.lib odbccp32.lib /MANIFEST /MANIFESTUAC:"level='asInvoker' uiAccess='false'" /manifest:embed /DEBUG /PDB:"C:\Users\Frein\Desktop\work\2сем\ОАИП\Лр 15 Хеш-таблицы c цепочками\Debug\Лр 15 Хеш-таблицы c цепочками.pdb" /SUBSYSTEM:CONSOLE /TLBID:1 /DYNAMICBASE /NXCOMPAT /IMPLIB:"C:\Users\Frein\Desktop\work\2сем\ОАИП\Лр 15 Хеш-таблицы c цепочками\Debug\Лр 15 Хеш-таблицы c цепочками.lib" /MACHINE:X86 Debug\Hash_Table.obj
         Debug\Hash_Twin_Chain.obj
         "Debug\Lab 15 v12.obj"
         Debug\Lists.cpp.obj
         Лр 15 Хеш-таблицы c цепочками.vcxproj -> C:\Users\Frein\Desktop\work\2сем\ОАИП\Лр 15 Хеш-таблицы c цепочками\Debug\Лр 15 Хеш-таблицы c цепочками.exe
       FinalizeBuildStatus:
         Файл "Debug\Лр 15 Хе.247e9b38.tlog\unsuccessfulbuild" удаляется.
         Обращение к "Debug\Лр 15 Хе.247e9b38.tlog\Лр 15 Хеш-таблицы c цепочками.lastbuildstate".
     1>Сборка проекта "C:\Users\Frein\Desktop\work\2сем\ОАИП\Лр 15 Хеш-таблицы c цепочками\Лр 15 Хеш-таблицы c цепочками\Лр 15 Хеш-таблицы c цепочками.vcxproj" завершена (целевые объекты Build).

Сборка успешно завершена.

       "C:\Users\Frein\Desktop\work\2сем\ОАИП\Лр 15 Хеш-таблицы c цепочками\Лр 15 Хеш-таблицы c цепочками\Лр 15 Хеш-таблицы c цепочками.vcxproj" (целевой объект Build ) (1) ->
       (Целевой объект ClCompile) -> 
         C:\Users\Frein\Desktop\work\2сем\ОАИП\Лр 15 Хеш-таблицы c цепочками\Лр 15 Хеш-таблицы c цепочками\Lab 15 v12.cpp(27,17): warning C4244: return: преобразование "double" в "int", возможна потеря данных
         C:\Users\Frein\Desktop\work\2сем\ОАИП\Лр 15 Хеш-таблицы c цепочками\Лр 15 Хеш-таблицы c цепочками\Lists.cpp.cpp(41,16): warning C4566: символ, представленный универсальным именем символа "\u00DD", невозможно представить в текущей кодовой странице (1251)
         C:\Users\Frein\Desktop\work\2сем\ОАИП\Лр 15 Хеш-таблицы c цепочками\Лр 15 Хеш-таблицы c цепочками\Lists.cpp.cpp(41,16): warning C4566: символ, представленный универсальным именем символа "\u00EB", невозможно представить в текущей кодовой странице (1251)
         C:\Users\Frein\Desktop\work\2сем\ОАИП\Лр 15 Хеш-таблицы c цепочками\Лр 15 Хеш-таблицы c цепочками\Lists.cpp.cpp(41,16): warning C4566: символ, представленный универсальным именем символа "\u00E5", невозможно представить в текущей кодовой странице (1251)
         C:\Users\Frein\Desktop\work\2сем\ОАИП\Лр 15 Хеш-таблицы c цепочками\Лр 15 Хеш-таблицы c цепочками\Lists.cpp.cpp(41,16): warning C4566: символ, представленный универсальным именем символа "\u00EC", невозможно представить в текущей кодовой странице (1251)
         C:\Users\Frein\Desktop\work\2сем\ОАИП\Лр 15 Хеш-таблицы c цепочками\Лр 15 Хеш-таблицы c цепочками\Lists.cpp.cpp(41,16): warning C4566: символ, представленный универсальным именем символа "\u00ED", невозможно представить в текущей кодовой странице (1251)
         C:\Users\Frein\Desktop\work\2сем\ОАИП\Лр 15 Хеш-таблицы c цепочками\Лр 15 Хеш-таблицы c цепочками\Lists.cpp.cpp(41,16): warning C4566: символ, представленный универсальным именем символа "\u00F2", невозможно представить в текущей кодовой странице (1251)
         C:\Users\Frein\Desktop\work\2сем\ОАИП\Лр 15 Хеш-таблицы c цепочками\Лр 15 Хеш-таблицы c цепочками\Lists.cpp.cpp(41,16): warning C4566: символ, представленный универсальным именем символа "\u00F3", невозможно представить в текущей кодовой странице (1251)
         C:\Users\Frein\Desktop\work\2сем\ОАИП\Лр 15 Хеш-таблицы c цепочками\Лр 15 Хеш-таблицы c цепочками\Lists.cpp.cpp(41,16): warning C4566: символ, представленный универсальным именем символа "\u00E4", невозможно представить в текущей кодовой странице (1251)
         C:\Users\Frein\Desktop\work\2сем\ОАИП\Лр 15 Хеш-таблицы c цепочками\Лр 15 Хеш-таблицы c цепочками\Lists.cpp.cpp(41,16): warning C4566: символ, представленный универсальным именем символа "\u00E0", невозможно представить в текущей кодовой странице (1251)

    Предупреждений: 10
    Ошибок: 0

Прошло времени 00:00:04.45
