  Source.cpp
C:\MyFile\Универ\3сем\3sem\Ксис\KSIS LW7\KSIS LW7\KSIS LW7\Source.cpp(11,1): warning C4005: IP_DEST_NET_UNREACHABLE: изменение макроопределения
C:\Program Files (x86)\Windows Kits\10\Include\10.0.19041.0\um\ipexport.h(173): message : см. предыдущее определение "IP_DEST_NET_UNREACHABLE"
C:\MyFile\Универ\3сем\3sem\Ксис\KSIS LW7\KSIS LW7\KSIS LW7\Source.cpp(12,1): warning C4005: IP_DEST_HOST_UNREACHABLE: изменение макроопределения
C:\Program Files (x86)\Windows Kits\10\Include\10.0.19041.0\um\ipexport.h(174): message : см. предыдущее определение "IP_DEST_HOST_UNREACHABLE"
C:\MyFile\Универ\3сем\3sem\Ксис\KSIS LW7\KSIS LW7\KSIS LW7\Source.cpp(13,1): warning C4005: IP_DEST_PROT_UNREACHABLE: изменение макроопределения
C:\Program Files (x86)\Windows Kits\10\Include\10.0.19041.0\um\ipexport.h(175): message : см. предыдущее определение "IP_DEST_PROT_UNREACHABLE"
C:\MyFile\Универ\3сем\3sem\Ксис\KSIS LW7\KSIS LW7\KSIS LW7\Source.cpp(14,1): warning C4005: IP_DEST_PORT_UNREACHABLE: изменение макроопределения
C:\Program Files (x86)\Windows Kits\10\Include\10.0.19041.0\um\ipexport.h(176): message : см. предыдущее определение "IP_DEST_PORT_UNREACHABLE"
C:\MyFile\Универ\3сем\3sem\Ксис\KSIS LW7\KSIS LW7\KSIS LW7\Source.cpp(15,1): warning C4005: IP_REQ_TIMED_OUT: изменение макроопределения
C:\Program Files (x86)\Windows Kits\10\Include\10.0.19041.0\um\ipexport.h(181): message : см. предыдущее определение "IP_REQ_TIMED_OUT"
C:\MyFile\Универ\3сем\3sem\Ксис\KSIS LW7\KSIS LW7\KSIS LW7\Source.cpp(16,1): warning C4005: IP_BAD_REQ: изменение макроопределения
C:\Program Files (x86)\Windows Kits\10\Include\10.0.19041.0\um\ipexport.h(182): message : см. предыдущее определение "IP_BAD_REQ"
C:\MyFile\Универ\3сем\3sem\Ксис\KSIS LW7\KSIS LW7\KSIS LW7\Source.cpp(17,1): warning C4005: IP_BAD_ROUTE: изменение макроопределения
C:\Program Files (x86)\Windows Kits\10\Include\10.0.19041.0\um\ipexport.h(183): message : см. предыдущее определение "IP_BAD_ROUTE"
C:\MyFile\Универ\3сем\3sem\Ксис\KSIS LW7\KSIS LW7\KSIS LW7\Source.cpp(18,1): warning C4005: IP_TTL_EXPIRED_TRANSIT: изменение макроопределения
C:\Program Files (x86)\Windows Kits\10\Include\10.0.19041.0\um\ipexport.h(184): message : см. предыдущее определение "IP_TTL_EXPIRED_TRANSIT"
C:\MyFile\Универ\3сем\3sem\Ксис\KSIS LW7\KSIS LW7\KSIS LW7\Source.cpp(29,1): warning C4326: возвращаемый тип "main" должен быть "int", а не "void"
  Создание кода
  11 of 12 functions (91.7%) were compiled, the rest were copied from previous compilation.
    0 functions were new in current compilation
    0 functions had inline decision re-evaluated but remain unchanged
  Создание кода завершено
  KSIS LW7.vcxproj -> C:\MyFile\Универ\3сем\3sem\Ксис\KSIS LW7\KSIS LW7\x64\Release\KSIS LW7.exe
